8600000US10514	10514	189570
8600000US98243	98243	188363
8600000US10577	10577	187019
8600000US11568	11568	184298
8600000US94028	94028	181337
8600000US02493	02493	181041
8600000US16155	16155	177361
8600000US02108	02108	175840
8600000US07021	07021	175799
8600000US06840	06840	175083
8600000US30327	30327	174957
8600000US19085	19085	174511
8600000US33921	33921	174305
8600000US90402	90402	174183
8600000US06820	06820	173777
8600000US10518	10518	173364
8600000US90077	90077	170752
8600000US10576	10576	168172
8600000US07931	07931	167357
8600000US95480	95480	167046
8600000US10506	10506	166637
8600000US60045	60045	165543
8600000US94022	94022	163017
8600000US60093	60093	162607
8600000US10503	10503	162500
8600000US95618	95618	162491
8600000US06883	06883	162032
8600000US78730	78730	161971
8600000US90272	90272	161853
8600000US63124	63124	160075
8600000US22066	22066	159272
8600000US06897	06897	158415
8600000US02030	02030	157168
8600000US10022	10022	155693
8600000US90210	90210	155586
8600000US60523	60523	154945
8600000US10162	10162	154868
8600000US10510	10510	154606
8600000US02468	02468	154424
8600000US06853	06853	154159
8600000US95070	95070	153945
8600000US10538	10538	153430
8600000US07046	07046	153227
8600000US10583	10583	153131
8600000US06880	06880	153131
8600000US10069	10069	152965
8600000US10007	10007	152733
8600000US95030	95030	152661
8600000US60519	60519	152338
8600000US13475	13475	152338
8600000US18357	18357	152338
8600000US37684	37684	152338
8600000US28207	28207	152259
8600000US92657	92657	152168
8600000US94507	94507	152146
8600000US44040	44040	151782
8600000US75225	75225	151261
8600000US10028	10028	150747
8600000US11576	11576	150266
8600000US75205	75205	150220
8600000US98039	98039	150168
8600000US07970	07970	150000
8600000US77005	77005	149465
8600000US10021	10021	149367
8600000US94506	94506	149167
8600000US11030	11030	148770
8600000US10504	10504	147730
8600000US60029	60029	147670
8600000US94301	94301	147378
8600000US20854	20854	147113
8600000US94024	94024	145836
8600000US85253	85253	144891
8600000US07423	07423	144588
8600000US11765	11765	143757
8600000US94920	94920	143305
8600000US07417	07417	142930
8600000US08558	08558	142635
8600000US20816	20816	142360
8600000US01741	01741	142350
8600000US10804	10804	142263
8600000US06870	06870	141888
8600000US06831	06831	141681
8600000US22101	22101	141501
8600000US07945	07945	141118
8600000US06878	06878	140850
8600000US27706	27706	140756
8600000US22039	22039	140409
8600000US07043	07043	140377
8600000US63005	63005	140286
8600000US20818	20818	140133
8600000US22957	22957	140000
8600000US11797	11797	139602
8600000US22124	22124	139255
8600000US08550	08550	138943
8600000US48302	48302	138188
8600000US10024	10024	138168
8600000US90049	90049	137945
8600000US02481	02481	137881
8600000US60601	60601	137559
8600000US20015	20015	137469
8600000US10280	10280	136950
8600000US10546	10546	136926
8600000US11724	11724	136895
8600000US07458	07458	136836
8600000US10580	10580	136283
8600000US01770	01770	136211
8600000US76092	76092	135281
8600000US35649	35649	135080
8600000US02199	02199	135064
8600000US06612	06612	135055
8600000US06490	06490	135023
8600000US19807	19807	134663
8600000US01773	01773	134570
8600000US50323	50323	134358
8600000US94563	94563	134096
8600000US20016	20016	133821
8600000US07842	07842	133358
8600000US20815	20815	133308
8600000US94123	94123	133235
8600000US30305	30305	133051
8600000US22182	22182	132529
8600000US78257	78257	132338
8600000US20817	20817	131865
8600000US60614	60614	131700
8600000US07920	07920	131618
8600000US07760	07760	131464
8600000US20812	20812	131193
8600000US20007	20007	131159
8600000US66221	66221	130793
8600000US02482	02482	130748
8600000US66211	66211	130711
8600000US01776	01776	130399
8600000US92625	92625	130323
8600000US90274	90274	130237
8600000US10004	10004	130207
8600000US33480	33480	129865
8600000US07620	07620	129855
8600000US77046	77046	129057
8600000US91108	91108	128323
8600000US48301	48301	128274
8600000US77024	77024	128240
8600000US63131	63131	128110
8600000US10005	10005	127891
8600000US06877	06877	127819
8600000US08858	08858	127648
8600000US25866	25866	127308
8600000US92304	92304	127308
8600000US06903	06903	127234
8600000US11020	11020	126987
8600000US78746	78746	126743
8600000US07930	07930	126597
8600000US07928	07928	126483
8600000US22181	22181	126289
8600000US10536	10536	126207
8600000US95120	95120	126070
8600000US98364	98364	126012
8600000US07924	07924	125953
8600000US99725	99725	125868
8600000US77094	77094	125755
8600000US92861	92861	125376
8600000US46377	46377	125084
8600000US20004	20004	125000
8600000US75093	75093	124851
8600000US20124	20124	124556
8600000US20777	20777	124424
8600000US07979	07979	124173
8600000US20008	20008	124139
8600000US07733	07733	124092
8600000US10023	10023	123903
8600000US11024	11024	123774
8600000US48304	48304	123516
8600000US60010	60010	123297
8600000US60091	60091	122794
8600000US92660	92660	122790
8600000US66209	66209	122751
8600000US60611	60611	122735
8600000US90266	90266	122685
8600000US91011	91011	122638
8600000US60035	60035	122553
8600000US02459	02459	122474
8600000US38139	38139	122441
8600000US20197	20197	122404
8600000US94526	94526	122164
8600000US60305	60305	122155
8600000US10526	10526	121903
8600000US07450	07450	121848
8600000US20862	20862	121720
8600000US02110	02110	121719
8600000US12507	12507	121673
8600000US90265	90265	121601
8600000US33158	33158	121466
8600000US08502	08502	121445
8600000US01772	01772	121344
8600000US76034	76034	121279
8600000US07059	07059	121264
8600000US10501	10501	121229
8600000US92210	92210	121127
8600000US94549	94549	121055
8600000US19041	19041	121046
8600000US93108	93108	120743
8600000US08836	08836	120598
8600000US94904	94904	120544
8600000US33924	33924	120488
8600000US08720	08720	120472
8600000US01451	01451	120068
8600000US20759	20759	119774
8600000US01921	01921	119491
8600000US20896	20896	119323
8600000US22027	22027	119299
8600000US81656	81656	119244
8600000US90743	90743	119070
8600000US94708	94708	119065
8600000US37350	37350	119059
8600000US10527	10527	118908
8600000US80016	80016	118907
8600000US92679	92679	118804
8600000US94065	94065	118754
8600000US07028	07028	118651
8600000US90290	90290	118489
8600000US60069	60069	118487
8600000US35223	35223	118275
8600000US91436	91436	118256
8600000US60192	60192	118255
8600000US48374	48374	118204
8600000US07901	07901	118157
8600000US19066	19066	118014
8600000US10706	10706	117969
8600000US08535	08535	117916
8600000US07481	07481	117864
8600000US94941	94941	117841
8600000US66220	66220	117825
8600000US94707	94707	117618
8600000US07946	07946	117378
8600000US77056	77056	117364
8600000US07934	07934	117348
8600000US19421	19421	117341
8600000US07722	07722	117259
8600000US46814	46814	117226
8600000US10502	10502	117074
8600000US10533	10533	116941
8600000US48323	48323	116893
8600000US33146	33146	116839
8600000US21029	21029	116556
8600000US11753	11753	116545
8600000US10017	10017	116538
8600000US20194	20194	116513
8600000US20143	20143	116437
8600000US94556	94556	116328
8600000US10128	10128	116257
8600000US01742	01742	116053
8600000US07922	07922	115731
8600000US10570	10570	115726
8600000US95033	95033	115700
8600000US94705	94705	115631
8600000US94062	94062	115500
8600000US11577	11577	115473
8600000US89148	89148	115393
8600000US22207	22207	115064
8600000US07045	07045	114973
8600000US01778	01778	114781
8600000US07869	07869	114671
8600000US92602	92602	114632
8600000US60521	60521	114584
8600000US10590	10590	114516
8600000US90067	90067	114479
8600000US92091	92091	114472
8600000US75022	75022	114435
8600000US02492	02492	114328
8600000US48306	48306	114237
8600000US78738	78738	114158
8600000US60015	60015	113663
8600000US02421	02421	113651
8600000US10994	10994	113347
8600000US07632	07632	113187
8600000US07627	07627	113144
8600000US08540	08540	113002
8600000US07401	07401	112997
8600000US93645	93645	112959
8600000US22646	22646	112648
8600000US55391	55391	112629
8600000US07641	07641	112500
8600000US19009	19009	112500
8600000US11598	11598	112493
8600000US93953	93953	112429
8600000US92014	92014	112355
8600000US91302	91302	112339
8600000US95032	95032	112197
8600000US02461	02461	112163
8600000US11530	11530	111990
8600000US07090	07090	111935
8600000US94939	94939	111784
8600000US08801	08801	111776
8600000US11023	11023	111747
8600000US06525	06525	111729
8600000US19096	19096	111683
8600000US60606	60606	111612
8600000US60564	60564	111347
8600000US21738	21738	111288
8600000US07452	07452	111280
8600000US10560	10560	111278
8600000US10014	10014	111277
8600000US07670	07670	111029
8600000US19010	19010	110956
8600000US18977	18977	110909
8600000US98040	98040	110830
8600000US92130	92130	110715
8600000US78733	78733	110579
8600000US01719	01719	110572
8600000US94552	94552	110545
8600000US20148	20148	110538
8600000US07853	07853	110488
8600000US95135	95135	110423
8600000US85255	85255	110380
8600000US48009	48009	110322
8600000US75202	75202	110289
8600000US01890	01890	110226
8600000US07746	07746	110149
8600000US32963	32963	110149
8600000US94010	94010	110085
8600000US19312	19312	110083
8600000US77027	77027	110058
8600000US20036	20036	109991
8600000US11545	11545	109945
8600000US06073	06073	109936
8600000US91105	91105	109911
8600000US20833	20833	109899
8600000US07704	07704	109760
8600000US10803	10803	109760
8600000US40059	40059	109713
8600000US59636	59636	109704
8600000US02420	02420	109551
8600000US06896	06896	109546
8600000US06092	06092	109481
8600000US21210	21210	109360
8600000US22308	22308	109317
8600000US48025	48025	109313
8600000US94127	94127	109271
8600000US92887	92887	109248
8600000US48331	48331	109185
8600000US06001	06001	109122
8600000US77382	77382	109093
8600000US01740	01740	108967
8600000US02052	02052	108926
8600000US60558	60558	108867
8600000US30005	30005	108864
8600000US44022	44022	108794
8600000US95014	95014	108781
8600000US20861	20861	108767
8600000US20171	20171	108733
8600000US95138	95138	108698
8600000US27614	27614	108658
8600000US94025	94025	108645
8600000US07039	07039	108615
8600000US89141	89141	108579
8600000US08853	08853	108563
8600000US60175	60175	108524
8600000US04110	04110	108461
8600000US22102	22102	108415
8600000US77059	77059	108413
8600000US01720	01720	108357
8600000US34228	34228	107983
8600000US33156	33156	107958
8600000US21036	21036	107919
8600000US07751	07751	107866
8600000US10964	10964	107847
8600000US11733	11733	107544
8600000US01745	01745	107525
8600000US06430	06430	107523
8600000US19025	19025	107326
8600000US33149	33149	107323
8600000US22213	22213	107298
8600000US11791	11791	107287
8600000US60048	60048	107272
8600000US08833	08833	107261
8600000US07079	07079	107252
8600000US78701	78701	107241
8600000US10016	10016	107200
8600000US60047	60047	107105
8600000US77345	77345	107060
8600000US92662	92662	106989
8600000US85045	85045	106908
8600000US55347	55347	106850
8600000US60184	60184	106833
8600000US31411	31411	106762
8600000US21131	21131	106746
8600000US75019	75019	106720
8600000US53122	53122	106681
8600000US75024	75024	106654
8600000US37027	37027	106652
8600000US94539	94539	106645
8600000US78732	78732	106631
8600000US10605	10605	106631
8600000US94618	94618	106491
8600000US34786	34786	106480
8600000US06807	06807	106472
8600000US75082	75082	106408
8600000US21723	21723	106254
8600000US02332	02332	106245
8600000US30326	30326	106172
8600000US80111	80111	106134
8600000US10006	10006	106134
8600000US94970	94970	106097
8600000US19072	19072	106057
8600000US60062	60062	106020
8600000US21810	21810	106017
8600000US94583	94583	106009
8600000US55439	55439	105995
8600000US94306	94306	105950
8600000US20814	20814	105943
8600000US08889	08889	105940
8600000US44236	44236	105828
8600000US30097	30097	105806
8600000US66760	66760	105797
8600000US55446	55446	105789
8600000US07092	07092	105773
8600000US07711	07711	105754
8600000US01467	01467	105710
8600000US90275	90275	105701
8600000US19087	19087	105680
8600000US95746	95746	105652
8600000US77019	77019	105640
8600000US07974	07974	105545
8600000US63105	63105	105472
8600000US06830	06830	105468
8600000US94611	94611	105465
8600000US06426	06426	105413
8600000US02114	02114	105382
8600000US89011	89011	105371
8600000US46033	46033	105303
8600000US07977	07977	105263
8600000US60565	60565	105247
8600000US07640	07640	105223
8600000US07738	07738	105222
8600000US30022	30022	105189
8600000US66224	66224	105177
8600000US37215	37215	105120
8600000US94404	94404	105109
8600000US55424	55424	105066
8600000US94517	94517	105037
8600000US19707	19707	105017
8600000US48098	48098	105000
8600000US56356	56356	105000
8600000US33327	33327	104948
8600000US94070	94070	104932
8600000US94946	94946	104851
8600000US06020	06020	104848
8600000US01810	01810	104820
8600000US94304	94304	104752
8600000US03049	03049	104737
8600000US94566	94566	104720
8600000US90254	90254	104651
8600000US01983	01983	104475
8600000US21794	21794	104357
8600000US19437	19437	104349
8600000US78248	78248	104341
8600000US48230	48230	104331
8600000US07446	07446	104180
8600000US21035	21035	104165
8600000US66213	66213	104133
8600000US07645	07645	104047
8600000US07739	07739	104033
8600000US01886	01886	104029
8600000US20721	20721	103979
8600000US43054	43054	103977
8600000US21737	21737	103894
8600000US78739	78739	103816
8600000US22205	22205	103807
8600000US45174	45174	103757
8600000US07950	07950	103713
8600000US20839	20839	103706
8600000US80425	80425	103682
8600000US19317	19317	103644
8600000US91361	91361	103584
8600000US19425	19425	103558
8600000US33332	33332	103549
8600000US20165	20165	103536
8600000US83014	83014	103513
8600000US60422	60422	103477
8600000US63141	63141	103465
8600000US08560	08560	103411
8600000US11559	11559	103409
8600000US85262	85262	103378
8600000US94020	94020	103336
8600000US75025	75025	103275
8600000US02090	02090	103242
8600000US17508	17508	103241
8600000US85259	85259	103154
8600000US77401	77401	103129
8600000US07933	07933	103062
8600000US10708	10708	103046
8600000US20144	20144	102975
8600000US75013	75013	102967
8600000US02466	02466	102926
8600000US07649	07649	102842
8600000US11768	11768	102772
8600000US01748	01748	102550
8600000US30068	30068	102543
8600000US30309	30309	102537
8600000US01775	01775	102530
8600000US11718	11718	102520
8600000US11804	11804	102520
8600000US92676	92676	102446
8600000US92694	92694	102442
8600000US07960	07960	102410
8600000US15015	15015	102408
8600000US60012	60012	102400
8600000US77381	77381	102392
8600000US94598	94598	102368
8600000US34250	34250	102355
8600000US178XX	178XX	102264
8600000US61057	61057	102264
8600000US775XX	775XX	102264
8600000US949XX	949XX	102264
8600000US95625	95625	102264
8600000US98222	98222	102264
8600000US72679	72679	102253
8600000US08534	08534	102217
8600000US11570	11570	102184
8600000US21405	21405	102170
8600000US55129	55129	102134
8600000US11050	11050	102064
8600000US30338	30338	101983
8600000US19436	19436	101951
8600000US19422	19422	101939
8600000US07940	07940	101914
8600000US87122	87122	101894
8600000US06470	06470	101879
8600000US07932	07932	101862
8600000US95837	95837	101854
8600000US30306	30306	101841
8600000US92651	92651	101793
8600000US21042	21042	101790
8600000US48322	48322	101783
8600000US19034	19034	101674
8600000US78015	78015	101624
8600000US10956	10956	101377
8600000US94588	94588	101339
8600000US06443	06443	101297
8600000US19333	19333	101279
8600000US10607	10607	101235
8600000US97034	97034	101190
8600000US28277	28277	101173
8600000US63038	63038	101156
8600000US63017	63017	101095
8600000US01730	01730	101081
8600000US33076	33076	101021
8600000US04629	04629	100992
8600000US94402	94402	100991
8600000US99516	99516	100970
8600000US08867	08867	100926
8600000US60044	60044	100910
8600000US59928	59928	100837
8600000US60540	60540	100789
8600000US891XX	891XX	100712
8600000US03750	03750	100685
8600000US11579	11579	100651
8600000US917XX	917XX	100638
8600000US77463	77463	100638
8600000US20882	20882	100631
8600000US98029	98029	100631
8600000US77479	77479	100615
8600000US06060	06060	100605
8600000US19444	19444	100597
8600000US11771	11771	100587
8600000US10976	10976	100534
8600000US22314	22314	100526
8600000US02445	02445	100478
8600000US55436	55436	100477
8600000US07648	07648	100470
8600000US92782	92782	100470
8600000US10520	10520	100452
8600000US20628	20628	100445
8600000US88268	88268	100416
8600000US37205	37205	100406
8600000US25909	25909	100373
8600000US28765	28765	100373
8600000US02460	02460	100334
8600000US08553	08553	100314
8600000US30075	30075	100300
8600000US07871	07871	100228
8600000US11743	11743	100208
8600000US94105	94105	100196
8600000US10011	10011	100183
8600000US08074	08074	100183
8600000US80007	80007	100158
8600000US22307	22307	100140
8600000US02025	02025	100137
8600000US20838	20838	100000
8600000US78726	78726	99917
8600000US01945	01945	99892
8600000US02116	02116	99853
8600000US10589	10589	99828
8600000US07041	07041	99650
8600000US06070	06070	99626
8600000US03087	03087	99570
8600000US91377	91377	99486
8600000US11509	11509	99457
8600000US43082	43082	99442
8600000US20905	20905	99429
8600000US14534	14534	99424
8600000US67230	67230	99369
8600000US06783	06783	99284
8600000US07058	07058	99248
8600000US07023	07023	99232
8600000US60461	60461	99230
8600000US92131	92131	99212
8600000US02067	02067	99122
8600000US11747	11747	99113
8600000US98053	98053	99079
8600000US99565	99565	99054
8600000US01985	01985	99050
8600000US11557	11557	99009
8600000US60605	60605	98951
8600000US06117	06117	98893
8600000US03755	03755	98793
8600000US54760	54760	98750
8600000US98112	98112	98709
8600000US11803	11803	98690
8600000US22032	22032	98621
8600000US02043	02043	98598
8600000US11721	11721	98537
8600000US53092	53092	98533
8600000US78258	78258	98430
8600000US07082	07082	98398
8600000US22301	22301	98382
8600000US48167	48167	98346
8600000US94502	94502	98339
8600000US22015	22015	98250
8600000US03233	03233	98246
8600000US19004	19004	98183
8600000US66217	66217	98113
8600000US20855	20855	98040
8600000US08559	08559	98037
8600000US01984	01984	98004
8600000US50131	50131	97841
8600000US64113	64113	97746
8600000US07830	07830	97718
8600000US10598	10598	97687
8600000US92610	92610	97660
8600000US78731	78731	97638
8600000US07006	07006	97612
8600000US07044	07044	97609
8600000US03031	03031	97598
8600000US92673	92673	97577
8600000US94965	94965	97552
8600000US20037	20037	97528
8600000US94087	94087	97480
8600000US95735	95735	97467
8600000US11960	11960	97434
8600000US19373	19373	97416
8600000US94111	94111	97388
8600000US75182	75182	97361
8600000US06090	06090	97328
8600000US94037	94037	97300
8600000US94114	94114	97297
8600000US07656	07656	97294
8600000US48070	48070	97206
8600000US960XX	960XX	97201
8600000US10530	10530	97191
8600000US18925	18925	97166
8600000US55331	55331	97120
8600000US85263	85263	97069
8600000US10549	10549	97062
8600000US91301	91301	97052
8600000US10010	10010	97048
8600000US08807	08807	97013
8600000US20832	20832	96933
8600000US08003	08003	96807
8600000US83353	83353	96789
8600000US02061	02061	96771
8600000US18954	18954	96767
8600000US07921	07921	96724
8600000US20880	20880	96664
8600000US22046	22046	96655
8600000US22033	22033	96571
8600000US48324	48324	96568
8600000US07675	07675	96563
8600000US29482	29482	96455
8600000US07624	07624	96409
8600000US53203	53203	96318
8600000US19350	19350	96283
8600000US48236	48236	96282
8600000US78255	78255	96255
8600000US07626	07626	96245
8600000US48138	48138	96226
8600000US55001	55001	96171
8600000US35242	35242	96067
8600000US85284	85284	96052
8600000US08525	08525	96014
8600000US92121	92121	95853
8600000US77069	77069	95849
8600000US10528	10528	95838
8600000US92037	92037	95837
8600000US06482	06482	95825
8600000US95762	95762	95814
8600000US22153	22153	95800
8600000US60201	60201	95776
8600000US20147	20147	95767
8600000US94925	94925	95751
8600000US08750	08750	95709
8600000US14506	14506	95709
8600000US92808	92808	95691
8600000US60083	60083	95657
8600000US68118	68118	95628
8600000US08551	08551	95624
8600000US21163	21163	95608
8600000US74137	74137	95597
8600000US91362	91362	95596
8600000US94002	94002	95584
8600000US02494	02494	95563
8600000US45208	45208	95537
8600000US48309	48309	95516
8600000US15090	15090	95404
8600000US10913	10913	95295
8600000US20895	20895	95229
8600000US11560	11560	95176
8600000US76226	76226	95150
8600000US07470	07470	95114
8600000US20841	20841	95086
8600000US10984	10984	95085
8600000US75248	75248	95073
8600000US11021	11021	95034
8600000US06269	06269	95000
8600000US20120	20120	94976
8600000US02478	02478	94965
8600000US14051	14051	94960
8600000US92620	92620	94950
8600000US08824	08824	94894
8600000US15241	15241	94881
8600000US43017	43017	94873
8600000US20878	20878	94845
8600000US38138	38138	94790
8600000US15222	15222	94770
8600000US01718	01718	94762
8600000US20112	20112	94754
8600000US78737	78737	94752
8600000US94074	94074	94734
8600000US94019	94019	94723
8600000US20151	20151	94720
8600000US06752	06752	94720
8600000US91381	91381	94679
8600000US21032	21032	94667
8600000US78261	78261	94644
8600000US11569	11569	94628
8600000US01581	01581	94610
8600000US20842	20842	94527
8600000US02467	02467	94520
8600000US07430	07430	94484
8600000US07009	07009	94475
8600000US08691	08691	94424
8600000US08057	08057	94419
8600000US07976	07976	94378
8600000US02186	02186	94359
8600000US21013	21013	94190
8600000US75028	75028	94179
8600000US11790	11790	94125
8600000US08820	08820	94120
8600000US48069	48069	94067
8600000US08055	08055	94055
8600000US11566	11566	93914
8600000US10594	10594	93904
8600000US07068	07068	93867
8600000US60203	60203	93770
8600000US92075	92075	93752
8600000US07436	07436	93695
8600000US18940	18940	93694
8600000US01944	01944	93609
8600000US91364	91364	93607
8600000US55317	55317	93582
8600000US08033	08033	93579
8600000US60190	60190	93522
8600000US45249	45249	93511
8600000US20169	20169	93483
8600000US23304	23304	93416
8600000US07750	07750	93401
8600000US02109	02109	93396
8600000US02465	02465	93342
8600000US18035	18035	93332
8600000US03854	03854	93290
8600000US07876	07876	93280
8600000US18929	18929	93267
8600000US92692	92692	93247
8600000US60089	60089	93202
8600000US10522	10522	93127
8600000US20152	20152	93093
8600000US94586	94586	93092
8600000US96821	96821	93046
8600000US11705	11705	92980
8600000US55442	55442	92980
8600000US77068	77068	92959
8600000US80132	80132	92926
8600000US23113	23113	92917
8600000US10003	10003	92865
8600000US10578	10578	92824
8600000US90056	90056	92785
8600000US85054	85054	92770
8600000US07702	07702	92719
8600000US10962	10962	92716
8600000US28031	28031	92715
8600000US07040	07040	92679
8600000US06812	06812	92576
8600000US22302	22302	92570
8600000US07076	07076	92552
8600000US19106	19106	92538
8600000US91326	91326	92525
8600000US06468	06468	92514
8600000US92677	92677	92510
8600000US37069	37069	92508
8600000US21754	21754	92501
8600000US90292	90292	92494
8600000US77494	77494	92473
8600000US06033	06033	92464
8600000US33957	33957	92455
8600000US01827	01827	92434
8600000US32082	32082	92425
8600000US22180	22180	92390
8600000US20769	20769	92387
8600000US07834	07834	92372
8600000US80112	80112	92368
8600000US46032	46032	92295
8600000US80126	80126	92252
8600000US80439	80439	92209
8600000US20871	20871	92194
8600000US80124	80124	92173
8600000US20141	20141	92091
8600000US06438	06438	92082
8600000US43065	43065	92046
8600000US55346	55346	92033
8600000US10507	10507	92029
8600000US20191	20191	92021
8600000US01450	01450	92014
8600000US02056	02056	92001
8600000US07726	07726	91998
8600000US21140	21140	91966
8600000US53217	53217	91943
8600000US98006	98006	91908
8600000US27608	27608	91900
8600000US60657	60657	91886
8600000US33331	33331	91874
8600000US01940	01940	91869
8600000US03110	03110	91868
8600000US75230	75230	91864
8600000US45243	45243	91850
8600000US78717	78717	91820
8600000US77030	77030	91815
8600000US64064	64064	91808
8600000US07927	07927	91807
8600000US19343	19343	91807
8600000US82620	82620	91758
8600000US19382	19382	91704
8600000US60464	60464	91659
8600000US60136	60136	91648
8600000US53045	53045	91647
8600000US55311	55311	91620
8600000US20637	20637	91613
8600000US20765	20765	91606
8600000US06804	06804	91536
8600000US21146	21146	91495
8600000US30328	30328	91488
8600000US49301	49301	91481
8600000US55127	55127	91478
8600000US34201	34201	91473
8600000US08809	08809	91450
8600000US06333	06333	91438
8600000US35213	35213	91424
8600000US60187	60187	91382
8600000US06089	06089	91372
8600000US10567	10567	91366
8600000US94960	94960	91320
8600000US48375	48375	91318
8600000US33606	33606	91263
8600000US93908	93908	91236
8600000US48380	48380	91232
8600000US20754	20754	91141
8600000US22202	22202	91122
8600000US78735	78735	91112
8600000US91604	91604	91106
8600000US01845	01845	91105
8600000US21111	21111	91097
8600000US75252	75252	91091
8600000US98072	98072	91065
8600000US06059	06059	91062
8600000US30024	30024	91024
8600000US19006	19006	91021
8600000US95037	95037	91021
8600000US50325	50325	91019
8600000US07004	07004	90998
8600000US07981	07981	90995
8600000US75070	75070	90987
8600000US48360	48360	90982
8600000US10987	10987	90979
8600000US53018	53018	90977
8600000US186XX	186XX	90957
8600000US166XX	166XX	90957
8600000US19342	19342	90874
8600000US07642	07642	90861
8600000US68135	68135	90854
8600000US06410	06410	90804
8600000US94131	94131	90677
8600000US84098	84098	90665
8600000US60134	60134	90636
8600000US55123	55123	90617
8600000US19355	19355	90606
8600000US78259	78259	90599
8600000US28270	28270	90527
8600000US10532	10532	90519
8600000US285XX	285XX	90500
8600000US01532	01532	90480
8600000US18938	18938	90468
8600000US29401	29401	90466
8600000US95119	95119	90414
8600000US19073	19073	90372
8600000US08886	08886	90369
8600000US20170	20170	90355
8600000US06447	06447	90346
8600000US97221	97221	90313
8600000US07444	07444	90305
8600000US80921	80921	90277
8600000US79353	79353	90271
8600000US91208	91208	90255
8600000US40513	40513	90240
8600000US80116	80116	90238
8600000US11596	11596	90222
8600000US85048	85048	90216
8600000US46278	46278	90213
8600000US96146	96146	90182
8600000US75077	75077	90129
8600000US10989	10989	90076
8600000US22152	22152	90062
8600000US95054	95054	90040
8600000US87544	87544	90032
8600000US77459	77459	90027
8600000US08738	08738	90000
8600000US82831	82831	90000
8600000US44333	44333	89987
8600000US20720	20720	89985
8600000US90024	90024	89960
8600000US22030	22030	89900
8600000US10579	10579	89872
8600000US20175	20175	89802
8600000US08822	08822	89778
8600000US60067	60067	89773
8600000US44023	44023	89759
8600000US12159	12159	89740
8600000US48348	48348	89651
8600000US02446	02446	89597
8600000US84092	84092	89574
8600000US06107	06107	89569
8600000US08827	08827	89557
8600000US80209	80209	89554
8600000US90803	90803	89546
8600000US95066	95066	89546
8600000US98068	98068	89532
8600000US95131	95131	89525
8600000US95129	95129	89512
8600000US32836	32836	89508
8600000US11764	11764	89492
8600000US46077	46077	89364
8600000US48864	48864	89245
8600000US30342	30342	89239
8600000US10282	10282	89211
8600000US77450	77450	89205
8600000US72223	72223	89197
8600000US20779	20779	89169
8600000US08510	08510	89095
8600000US95148	95148	89078
8600000US66223	66223	89077
8600000US01867	01867	89076
8600000US02093	02093	89058
8600000US48104	48104	89045
8600000US07748	07748	89039
8600000US22310	22310	89017
8600000US15142	15142	89008
8600000US10901	10901	89004
8600000US01568	01568	88992
8600000US06032	06032	88984
8600000US23433	23433	88962
8600000US30062	30062	88954
8600000US20850	20850	88928
8600000US12448	12448	88912
8600000US92661	92661	88905
8600000US02458	02458	88894
8600000US29451	29451	88874
8600000US11766	11766	88833
8600000US80134	80134	88824
8600000US10968	10968	88779
8600000US48084	48084	88754
8600000US60137	60137	88668
8600000US11507	11507	88598
8600000US19803	19803	88595
8600000US06477	06477	88583
8600000US78750	78750	88484
8600000US23103	23103	88469
8600000US10965	10965	88452
8600000US92886	92886	88439
8600000US11780	11780	88429
8600000US53717	53717	88407
8600000US90293	90293	88402
8600000US97201	97201	88383
8600000US21057	21057	88367
8600000US95139	95139	88349
8600000US07936	07936	88348
8600000US33330	33330	88331
8600000US77379	77379	88306
8600000US94305	94305	88268
8600000US06611	06611	88246
8600000US35244	35244	88242
8600000US40245	40245	88241
8600000US77079	77079	88188
8600000US60302	60302	88147
8600000US66206	66206	88082
8600000US33626	33626	88036
8600000US80474	80474	88008
8600000US33496	33496	87992
8600000US94514	94514	87986
8600000US44139	44139	87982
8600000US80127	80127	87950
8600000US19301	19301	87946
8600000US20677	20677	87940
8600000US55447	55447	87937
8600000US55345	55345	87922
8600000US07005	07005	87914
8600000US94555	94555	87914
8600000US93923	93923	87880
8600000US06419	06419	87874
8600000US75094	75094	87862
8600000US53097	53097	87850
8600000US95765	95765	87817
8600000US48170	48170	87796
8600000US60068	60068	87767
8600000US91355	91355	87748
8600000US11767	11767	87726
8600000US07703	07703	87669
8600000US60025	60025	87665
8600000US96825	96825	87664
8600000US48370	48370	87663
8600000US48190	48190	87647
8600000US11005	11005	87636
8600000US01949	01949	87605
8600000US07405	07405	87597
8600000US15086	15086	87587
8600000US20853	20853	87508
8600000US07310	07310	87500
8600000US91354	91354	87486
8600000US60490	60490	87470
8600000US11565	11565	87450
8600000US38120	38120	87421
8600000US92009	92009	87416
8600000US04105	04105	87304
8600000US48363	48363	87296
8600000US27513	27513	87284
8600000US30004	30004	87251
8600000US06013	06013	87242
8600000US63040	63040	87227
8600000US48315	48315	87210
8600000US01922	01922	87155
8600000US91784	91784	87122
8600000US55357	55357	87097
8600000US07821	07821	87094
8600000US95124	95124	87061
8600000US33067	33067	87049
8600000US20130	20130	87041
8600000US07435	07435	86966
8600000US48176	48176	86934
8600000US27613	27613	86922
8600000US22315	22315	86890
8600000US06437	06437	86882
8600000US08043	08043	86873
8600000US60119	60119	86865
8600000US02210	02210	86854
8600000US53044	53044	86841
8600000US10709	10709	86836
8600000US02339	02339	86835
8600000US06794	06794	86833
8600000US10986	10986	86821
8600000US19002	19002	86810
8600000US10930	10930	86787
8600000US08816	08816	86781
8600000US01106	01106	86738
8600000US60561	60561	86725
8600000US02464	02464	86723
8600000US02476	02476	86719
8600000US21654	21654	86694
8600000US44141	44141	86671
8600000US02356	02356	86666
8600000US02032	02032	86649
8600000US92614	92614	86649
8600000US11782	11782	86647
8600000US95683	95683	86625
8600000US07016	07016	86624
8600000US15238	15238	86622
8600000US18901	18901	86560
8600000US48316	48316	86557
8600000US60157	60157	86553
8600000US11725	11725	86535
8600000US48095	48095	86532
8600000US19095	19095	86524
8600000US93924	93924	86518
8600000US81615	81615	86490
8600000US10707	10707	86463
8600000US90403	90403	86448
8600000US02575	02575	86428
8600000US06035	06035	86427
8600000US21204	21204	86397
8600000US11777	11777	86306
8600000US98004	98004	86306
8600000US01824	01824	86302
8600000US21056	21056	86283
8600000US60467	60467	86282
8600000US55386	55386	86267
8600000US90212	90212	86256
8600000US01864	01864	86243
8600000US18471	18471	86192
8600000US20118	20118	86184
8600000US02462	02462	86181
8600000US17748	17748	86178
8600000US20187	20187	86174
8600000US36559	36559	86142
8600000US04107	04107	86126
8600000US20136	20136	86122
8600000US90277	90277	86116
8600000US08826	08826	86084
8600000US10541	10541	86077
8600000US90068	90068	86002
8600000US11787	11787	85985
8600000US11732	11732	85969
8600000US21012	21012	85966
8600000US55042	55042	85960
8600000US02066	02066	85956
8600000US99685	99685	85951
8600000US22201	22201	85905
8600000US95017	95017	85876
8600000US48382	48382	85873
8600000US28226	28226	85823
8600000US46301	46301	85803
8600000US21051	21051	85798
8600000US68116	68116	85777
8600000US55120	55120	85771
8600000US11762	11762	85769
8600000US85258	85258	85733
8600000US85718	85718	85679
8600000US77095	77095	85678
8600000US35243	35243	85675
8600000US28211	28211	85664
8600000US07081	07081	85657
8600000US33418	33418	85652
8600000US02053	02053	85627
8600000US01760	01760	85617
8600000US70471	70471	85605
8600000US20132	20132	85601
8600000US68130	68130	85577
8600000US21043	21043	85571
8600000US94038	94038	85562
8600000US20158	20158	85526
8600000US92606	92606	85514
8600000US43032	43032	85489
8600000US11786	11786	85482
8600000US03844	03844	85467
8600000US99631	99631	85463
8600000US19457	19457	85443
8600000US08802	08802	85438
8600000US10920	10920	85418
8600000US21044	21044	85410
8600000US11731	11731	85371
8600000US60563	60563	85253
8600000US88213	88213	85215
8600000US11740	11740	85202
8600000US11430	11430	85197
8600000US76051	76051	85178
8600000US45384	45384	85153
8600000US60532	60532	85150
8600000US19031	19031	85126
8600000US55340	55340	85122
8600000US79776	79776	85118
8600000US08536	08536	85109
8600000US07456	07456	85108
8600000US21054	21054	85104
8600000US75035	75035	85099
8600000US10524	10524	85089
8600000US33301	33301	85077
8600000US97634	97634	85057
8600000US07757	07757	85038
8600000US73151	73151	85000
8600000US95035	95035	84986
8600000US20852	20852	84970
8600000US60504	60504	84954
8600000US55438	55438	84950
8600000US60439	60439	84942
8600000US77441	77441	84928
8600000US72212	72212	84894
8600000US20607	20607	84889
8600000US12211	12211	84881
8600000US01746	01746	84878
8600000US01951	01951	84874
8600000US20837	20837	84841
8600000US07666	07666	84791
8600000US11548	11548	84781
8600000US20155	20155	84746
8600000US76248	76248	84676
8600000US80027	80027	84674
8600000US02806	02806	84657
8600000US19067	19067	84636
8600000US48114	48114	84631
8600000US77062	77062	84607
8600000US78703	78703	84606
8600000US07605	07605	84591
8600000US19426	19426	84589
8600000US92649	92649	84587
8600000US11793	11793	84580
8600000US91719	91719	84525
8600000US33786	33786	84477
8600000US10547	10547	84459
8600000US60512	60512	84421
8600000US78266	78266	84416
8600000US32779	32779	84410
8600000US07652	07652	84406
8600000US22151	22151	84404
8600000US10588	10588	84403
8600000US02138	02138	84379
8600000US95607	95607	84370
8600000US02081	02081	84350
8600000US19341	19341	84343
8600000US06793	06793	84339
8600000US19348	19348	84331
8600000US28036	28036	84330
8600000US80104	80104	84313
8600000US66219	66219	84310
8600000US21114	21114	84310
8600000US01541	01541	84300
8600000US11788	11788	84295
8600000US15367	15367	84295
8600000US68136	68136	84278
8600000US33715	33715	84265
8600000US20639	20639	84224
8600000US63367	63367	84201
8600000US30269	30269	84144
8600000US97068	97068	84117
8600000US10595	10595	84106
8600000US60031	60031	84101
8600000US98027	98027	84092
8600000US10983	10983	84089
8600000US27615	27615	84071
8600000US11754	11754	84055
8600000US06432	06432	84008
8600000US21047	21047	83984
8600000US55356	55356	83971
8600000US40022	40022	83965
8600000US91935	91935	83961
8600000US94040	94040	83937
8600000US60061	60061	83934
8600000US11514	11514	83928
8600000US07432	07432	83926
8600000US06442	06442	83890
8600000US01701	01701	83849
8600000US11547	11547	83822
8600000US06441	06441	83812
8600000US07866	07866	83783
8600000US66085	66085	83758
8600000US60004	60004	83754
8600000US11746	11746	83720
8600000US92656	92656	83714
8600000US38017	38017	83689
8600000US60712	60712	83687
8600000US45066	45066	83673
8600000US78256	78256	83657
8600000US76246	76246	83646
8600000US20776	20776	83610
8600000US48188	48188	83609
8600000US85331	85331	83599
8600000US23233	23233	83569
8600000US08512	08512	83567
8600000US03304	03304	83567
8600000US23507	23507	83532
8600000US08736	08736	83531
8600000US08810	08810	83531
8600000US60661	60661	83527
8600000US77429	77429	83504
8600000US07878	07878	83502
8600000US10516	10516	83500
8600000US20180	20180	83496
8600000US11201	11201	83493
8600000US20623	20623	83481
8600000US91320	91320	83472
8600000US21120	21120	83460
8600000US55115	55115	83444
8600000US57108	57108	83438
8600000US98110	98110	83415
8600000US97210	97210	83394
8600000US60118	60118	83386
8600000US01460	01460	83365
8600000US48187	48187	83356
8600000US52411	52411	83332
8600000US80919	80919	83326
8600000US20736	20736	83321
8600000US37922	37922	83308
8600000US67206	67206	83262
8600000US32259	32259	83260
8600000US46530	46530	83231
8600000US80528	80528	83188
8600000US93921	93921	83182
8600000US21046	21046	83169
8600000US95132	95132	83168
8600000US75023	75023	83154
8600000US11572	11572	83108
8600000US94568	94568	83076
8600000US07052	07052	83075
8600000US33477	33477	83068
8600000US11758	11758	83062
8600000US07747	07747	83056
8600000US11977	11977	83034
8600000US12841	12841	83024
8600000US95130	95130	83007
8600000US11510	11510	82976
8600000US10980	10980	82956
8600000US92127	92127	82933
8600000US21104	21104	82928
8600000US92688	92688	82927
8600000US06084	06084	82918
8600000US02021	02021	82904
8600000US34242	34242	82900
8600000US11783	11783	82895
8600000US19380	19380	82891
8600000US08730	08730	82867
8600000US22192	22192	82865
8600000US06422	06422	82864
8600000US48116	48116	82851
8600000US11769	11769	82839
8600000US92118	92118	82828
8600000US06905	06905	82822
8600000US06074	06074	82807
8600000US01907	01907	82795
8600000US55125	55125	82791
8600000US66218	66218	82786
8600000US07836	07836	82776
8600000US19118	19118	82764
8600000US85749	85749	82752
8600000US06798	06798	82749
8600000US55044	55044	82721
8600000US27511	27511	82719
8600000US07822	07822	82714
8600000US92807	92807	82711
8600000US11001	11001	82667
8600000US95134	95134	82652
8600000US05059	05059	82641
8600000US80135	80135	82639
8600000US95630	95630	82635
8600000US07418	07418	82613
8600000US97035	97035	82590
8600000US08840	08840	82566
8600000US67235	67235	82552
8600000US60510	60510	82552
8600000US78759	78759	82550
8600000US01519	01519	82545
8600000US91207	91207	82540
8600000US06248	06248	82518
8600000US94547	94547	82510
8600000US63011	63011	82506
8600000US33629	33629	82495
8600000US80503	80503	82448
8600000US76054	76054	82415
8600000US07480	07480	82400
8600000US48042	48042	82379
8600000US22003	22003	82372
8600000US46038	46038	82313
8600000US66207	66207	82307
8600000US22720	22720	82231
8600000US67626	67626	82220
8600000US07463	07463	82208
8600000US08011	08011	82204
8600000US07647	07647	82185
8600000US94542	94542	82184
8600000US80138	80138	82151
8600000US45434	45434	82149
8600000US23432	23432	82115
8600000US76262	76262	82112
8600000US43016	43016	82106
8600000US95125	95125	82099
8600000US14618	14618	82093
8600000US94030	94030	82090
8600000US07762	07762	82082
8600000US97229	97229	82079
8600000US01803	01803	82072
8600000US43035	43035	82058
8600000US94550	94550	82043
8600000US10548	10548	82032
8600000US12582	12582	82021
8600000US18980	18980	82008
8600000US92270	92270	81989
8600000US81632	81632	81979
8600000US92691	92691	81967
8600000US11976	11976	81961
8600000US23059	23059	81941
8600000US21108	21108	81922
8600000US39110	39110	81921
8600000US19103	19103	81911
8600000US90742	90742	81895
8600000US61758	61758	81874
8600000US22947	22947	81870
8600000US85254	85254	81869
8600000US02038	02038	81826
8600000US14472	14472	81823
8600000US94005	94005	81819
8600000US62535	62535	81814
8600000US93563	93563	81809
8600000US08804	08804	81799
8600000US10512	10512	81786
8600000US08062	08062	81784
8600000US91709	91709	81759
8600000US10954	10954	81756
8600000US60516	60516	81739
8600000US43536	43536	81733
8600000US65809	65809	81729
8600000US07865	07865	81708
8600000US94903	94903	81700
8600000US43147	43147	81672
8600000US78260	78260	81672
8600000US10916	10916	81626
8600000US06784	06784	81592
8600000US02818	02818	81562
8600000US55305	55305	81555
8600000US89149	89149	81546
8600000US33498	33498	81542
8600000US12148	12148	81541
8600000US44140	44140	81541
8600000US77586	77586	81536
8600000US05254	05254	81532
8600000US40026	40026	81526
8600000US21770	21770	81525
8600000US55902	55902	81514
8600000US08561	08561	81514
8600000US92612	92612	81495
8600000US31820	31820	81475
8600000US43023	43023	81460
8600000US10543	10543	81457
8600000US20772	20772	81450
8600000US21093	21093	81417
8600000US45458	45458	81404
8600000US60013	60013	81400
8600000US90064	90064	81394
8600000US03885	03885	81391
8600000US75063	75063	81391
8600000US30076	30076	81378
8600000US55372	55372	81369
8600000US78734	78734	81368
8600000US80206	80206	81354
8600000US08690	08690	81333
8600000US98052	98052	81302
8600000US11710	11710	81291
8600000US55374	55374	81288
8600000US80433	80433	81277
8600000US17254	17254	81250
8600000US94595	94595	81246
8600000US19454	19454	81243
8600000US85750	85750	81232
8600000US99567	99567	81230
8600000US80122	80122	81225
8600000US48334	48334	81223
8600000US07410	07410	81220
8600000US68520	68520	81208
8600000US46845	46845	81197
8600000US48462	48462	81196
8600000US60514	60514	81157
8600000US92106	92106	81156
8600000US66210	66210	81151
8600000US44145	44145	81144
8600000US19081	19081	81137
8600000US06488	06488	81109
8600000US92129	92129	81101
8600000US95136	95136	81097
8600000US80118	80118	81096
8600000US49761	49761	81082
8600000US92604	92604	81047
8600000US60525	60525	81042
8600000US02874	02874	81020
8600000US60126	60126	81018
8600000US01590	01590	81000
8600000US22746	22746	80989
8600000US02906	02906	80983
8600000US55441	55441	80951
8600000US55126	55126	80946
8600000US50061	50061	80943
8600000US55047	55047	80935
8600000US93012	93012	80929
8600000US08852	08852	80918
8600000US55410	55410	80907
8600000US08648	08648	80882
8600000US32832	32832	80872
8600000US07438	07438	80865
8600000US80304	80304	80861
8600000US94596	94596	80841
8600000US63025	63025	80831
8600000US03826	03826	80803
8600000US20137	20137	80787
8600000US01242	01242	80783
8600000US20181	20181	80776
8600000US89413	89413	80770
8600000US21156	21156	80755
8600000US92835	92835	80754
8600000US28725	28725	80728
8600000US61525	61525	80728
8600000US75010	75010	80724
8600000US11795	11795	80724
8600000US07716	07716	80722
8600000US07980	07980	80716
8600000US34134	34134	80702
8600000US89451	89451	80693
8600000US30066	30066	80664
8600000US80125	80125	80656
8600000US38076	38076	80637
8600000US02836	02836	80611
8600000US07717	07717	80605
8600000US81236	81236	80561
8600000US10509	10509	80560
8600000US20744	20744	80557
8600000US92663	92663	80552
8600000US94949	94949	80544
8600000US21087	21087	80521
8600000US01612	01612	80498
8600000US61091	61091	80488
8600000US128XX	128XX	80488
8600000US04683	04683	80488
8600000US95224	95224	80488
8600000US60174	60174	80479
8600000US48103	48103	80468
8600000US07630	07630	80468
8600000US19335	19335	80465
8600000US18051	18051	80447
8600000US30041	30041	80445
8600000US44718	44718	80423
8600000US06478	06478	80422
8600000US07661	07661	80422
8600000US20716	20716	80415
8600000US21771	21771	80401
8600000US37067	37067	80392
8600000US08501	08501	80377
8600000US91360	91360	80359
8600000US94118	94118	80342
8600000US30189	30189	80330
8600000US55082	55082	80329
8600000US48130	48130	80321
8600000US08313	08313	80320
8600000US98296	98296	80307
8600000US11040	11040	80295
8600000US11719	11719	80273
8600000US33316	33316	80259
8600000US45069	45069	80238
8600000US95041	95041	80233
8600000US92648	92648	80224
8600000US20715	20715	80218
8600000US58236	58236	80215
8600000US03033	03033	80214
8600000US55378	55378	80212
8600000US21710	21710	80205
8600000US23943	23943	80188
8600000US44072	44072	80183
8600000US60448	60448	80172
8600000US41569	41569	80157
8600000US07764	07764	80127
8600000US08876	08876	80116
8600000US60102	60102	80104
8600000US26838	26838	80102
8600000US04541	04541	80102
8600000US06093	06093	80084
8600000US76885	76885	80067
8600000US94117	94117	80063
8600000US19610	19610	80042
8600000US44122	44122	80028
8600000US80908	80908	80026
8600000US99692	99692	80000
8600000US77002	77002	80000
8600000US84093	84093	79992
8600000US48362	48362	79958
8600000US55419	55419	79951
8600000US06412	06412	79941
8600000US12054	12054	79916
8600000US01982	01982	79886
8600000US92646	92646	79882
8600000US95051	95051	79853
8600000US25314	25314	79851
8600000US40241	40241	79850
8600000US98199	98199	79842
8600000US48178	48178	79842
8600000US45241	45241	79814
8600000US19711	19711	79811
8600000US23838	23838	79806
8600000US14450	14450	79794
8600000US95123	95123	79794
8600000US08850	08850	79790
8600000US01522	01522	79788
8600000US19810	19810	79788
8600000US08530	08530	79786
8600000US60173	60173	79777
8600000US98033	98033	79761
8600000US48094	48094	79756
8600000US60515	60515	79730
8600000US06762	06762	79706
8600000US12533	12533	79651
8600000US01833	01833	79649
8600000US91307	91307	79646
8600000US32312	32312	79635
8600000US46256	46256	79633
8600000US94937	94937	79630
8600000US63127	63127	79621
8600000US55124	55124	79616
8600000US07852	07852	79590
8600000US12570	12570	79563
8600000US07457	07457	79557
8600000US76016	76016	79539
8600000US80005	80005	79537
8600000US33483	33483	79524
8600000US19046	19046	79499
8600000US06524	06524	79493
8600000US92024	92024	79477
8600000US07838	07838	79472
8600000US18920	18920	79470
8600000US61114	61114	79452
8600000US38103	38103	79420
8600000US21797	21797	79397
8600000US11947	11947	79369
8600000US21152	21152	79342
8600000US01756	01756	79337
8600000US20774	20774	79336
8600000US19806	19806	79317
8600000US80106	80106	79316
8600000US19063	19063	79259
8600000US33556	33556	79249
8600000US21774	21774	79235
8600000US20876	20876	79192
8600000US91024	91024	79189
8600000US66610	66610	79189
8600000US98119	98119	79177
8600000US33647	33647	79164
8600000US05055	05055	79081
8600000US77346	77346	79048
8600000US91737	91737	79042
8600000US91711	91711	79024
8600000US91350	91350	79008
8600000US20117	20117	78999
8600000US92128	92128	78995
8600000US55341	55341	78976
8600000US28078	28078	78964
8600000US93021	93021	78948
8600000US48383	48383	78940
8600000US43221	43221	78930
8600000US60030	60030	78899
8600000US94044	94044	78892
8600000US19316	19316	78891
8600000US33487	33487	78874
8600000US27310	27310	78837
8600000US27560	27560	78826
8600000US02035	02035	78811
8600000US60423	60423	78804
8600000US85310	85310	78802
8600000US27502	27502	78801
8600000US30152	30152	78798
8600000US02071	02071	78797
8600000US81430	81430	78778
